<?xml version="1.0" encoding="UTF-8"?>
<!-- Generated by org.testng.reporters.JUnitXMLReporter -->
<testsuite ignored="5" hostname="LAPTOP-7G2PRVTP" failures="0" tests="2" name="Test" time="0.166" errors="0" timestamp="2023-10-27T10:44:18 IST">
  <testcase classname="Testng.Grouping" name="testPrintMessage" time="0.022"/>
  <testcase classname="Testng.Grouping" name="testPrintMessage1" time="0.008"/>
  <testcase classname="Testng.Grouping" name="testSalutaionMessage" time="0.0">
    <ignored/>
  </testcase> <!-- testSalutaionMessage -->
  <testcase classname="Testng.Grouping" name="testGroup2" time="0.0">
    <ignored/>
  </testcase> <!-- testGroup2 -->
  <testcase classname="Testng.Grouping" name="testGroup1" time="0.0">
    <ignored/>
  </testcase> <!-- testGroup1 -->
  <testcase classname="Testng.Grouping" name="testGroup3" time="0.0">
    <ignored/>
  </testcase> <!-- testGroup3 -->
  <testcase classname="Testng.Grouping" name="testExitMessage" time="0.0">
    <ignored/>
  </testcase> <!-- testExitMessage -->
</testsuite> <!-- Test -->
